2019-09-10 18:35:27,715|I|Thread-1|(DELAYED) nexial-core 2.4_0567 starting up...
2019-09-10 18:35:27,721|I|Thread-1|(DELAYED) data file resolved as C:\Users\UNNAMA~1.S\AppData\Local\Temp\NWZVf\unna.data.xlsx
2019-09-10 18:35:27,721|I|Thread-1|(DELAYED) input files and output directory resolved...
2019-09-10 18:35:27,721|I|Thread-1|(DELAYED) No predefined nexial-setup found
2019-09-10 18:35:27,721|I|Thread-1|(DELAYED) [20190910_183527] [C:\projects\unna\artifact\script\unna.xlsx] resolve RUN ID as 20190910_183527
2019-09-10 18:35:27,721|I|Thread-1|(DELAYED) [20190910_183527] [C:\projects\unna\artifact\script\unna.xlsx] new thread started
2019-09-10 18:35:27,721|I|Thread-1|No predefined nexial-setup found
2019-09-10 18:35:27,834|I|Thread-1|outputBase not set; output-to-cloud DISABLED!
2019-09-10 18:35:27,835|I|Thread-1|accessKey not set; output-to-cloud DISABLED!
2019-09-10 18:35:27,836|I|Thread-1|secretKey not set; output-to-cloud DISABLED!
2019-09-10 18:35:27,880|I|Thread-1|missing REQUIRED configuration; sms DISABLED!
2019-09-10 18:35:28,864|I|Thread-1|[20190910_183527] executing C:\projects\unna\artifact\script\unna.xlsx with 1 iteration(s)
2019-09-10 18:35:28,879|I|Thread-1|[20190910_183527] create directory C:\projects\unna\output\20190910_183527\captures
2019-09-10 18:35:28,895|I|Thread-1|[20190910_183527] create directory C:\projects\unna\output\20190910_183527\logs
2019-09-10 18:35:29,609|I|Thread-1|[20190910_183527] merging test data to tmp file C:\projects\unna\output\20190910_183527\unna.20190910_183528.001.xlsx
2019-09-10 18:35:29,611|I|Thread-1|refetching data from C:\projects\unna\artifact\data\unna.data.xlsx
2019-09-10 18:35:29,945|I|Thread-1|[20190910_183527] test script and test data merged to C:\projects\unna\output\20190910_183527\unna.20190910_183528.001.xlsx
2019-09-10 18:35:30,880|I|Thread-1|STARTS
2019-09-10 18:35:30,910|I|Thread-1|unna.20190910_183528.001 - executing iteration #1 of 1; Iteration Id 1
2019-09-10 18:35:30,916|I|Thread-1|unna.20190910_183528.001|Scenario - executing test scenario
2019-09-10 18:35:30,916|I|Thread-1|unna.20190910_183528.001|Scenario|Activity 1 - executing activity
2019-09-10 18:35:31,516|I|Thread-1|unna.20190910_183528.001|Scenario|Activity 1|#  5|web.open(url) - executing open(url)(https://cumsdtu.in/student_dtu/login/login.jsp)
2019-09-10 18:35:31,519|I|Thread-1|No valid instance of webdriver, initializing...
2019-09-10 18:35:31,521|I|Thread-1|init firefox
2019-09-10 18:35:31,884|I|Thread-1|unna.20190910_183528.001|Scenario|Activity 1|#  5|web.open(url) - Executing request GET https://api.github.com/repos/mozilla/geckodriver/releases/latest HTTP/1.1
2019-09-10 18:35:31,886|I|Thread-1|Executing request GET https://api.github.com/repos/mozilla/geckodriver/releases/latest HTTP/1.1
2019-09-10 18:35:33,086|I|Thread-1|unna.20190910_183528.001|Scenario|Activity 1|#  5|web.open(url) - Executed request GET https://api.github.com/repos/mozilla/geckodriver/releases/latest HTTP/1.1: HTTP/1.1 200 OK
2019-09-10 18:35:33,092|I|Thread-1|Executed request GET https://api.github.com/repos/mozilla/geckodriver/releases/latest HTTP/1.1: HTTP/1.1 200 OK
2019-09-10 18:35:33,092|I|Thread-1|unna.20190910_183528.001|Scenario|Activity 1|#  5|web.open(url) - Saving response payload as raw bytes to Response object
2019-09-10 18:35:33,097|I|Thread-1|Saving response payload as raw bytes to Response object
2019-09-10 18:35:33,237|I|Thread-1|unna.20190910_183528.001|Scenario|Activity 1|#  5|web.open(url) - Executing request GET https://github.com/mozilla/geckodriver/releases/download/v0.24.0/geckodriver-v0.24.0-win64.zip HTTP/1.1
2019-09-10 18:35:33,239|I|Thread-1|Executing request GET https://github.com/mozilla/geckodriver/releases/download/v0.24.0/geckodriver-v0.24.0-win64.zip HTTP/1.1
2019-09-10 18:35:34,792|I|Thread-1|unna.20190910_183528.001|Scenario|Activity 1|#  5|web.open(url) - Executed request GET https://github.com/mozilla/geckodriver/releases/download/v0.24.0/geckodriver-v0.24.0-win64.zip HTTP/1.1: HTTP/1.1 200 OK
2019-09-10 18:35:34,799|I|Thread-1|Executed request GET https://github.com/mozilla/geckodriver/releases/download/v0.24.0/geckodriver-v0.24.0-win64.zip HTTP/1.1: HTTP/1.1 200 OK
2019-09-10 18:35:34,800|I|Thread-1|unna.20190910_183528.001|Scenario|Activity 1|#  5|web.open(url) - Saving response payload to C:\Users\Unnamalai.S\.nexial\firefox\geckodriver.exe.zip
2019-09-10 18:35:34,816|I|Thread-1|Saving response payload to C:\Users\Unnamalai.S\.nexial\firefox\geckodriver.exe.zip
2019-09-10 18:35:36,900|I|Thread-1|[C:\Users\Unnamalai.S\.nexial\firefox\geckodriver.exe.zip]: Unzipping to C:\Users\Unnamalai.S\.nexial\firefox\geckodriver.exe
2019-09-10 18:35:37,165|I|Thread-1|[WebDriverHelper] webdriver for firefox downloaded to C:\Users\Unnamalai.S\.nexial\firefox\geckodriver.exe
2019-09-10 18:35:37,350|E|Thread-1|Error initializing browser 'firefox': org.openqa.selenium.WebDriverException: Cannot find firefox binary in PATH. Make sure firefox is installed. OS appears to be: WIN10
Build info: version: '3.141.59', revision: 'e82be7d358', time: '2018-11-14T08:17:03'
System info: host: 'ATMECSINDT-016', ip: '192.168.39.2', os.name: 'Windows 10', os.arch: 'amd64', os.version: '10.0', java.version: '12.0.1'
Driver info: driver.version: FirefoxDriver
2019-09-10 18:35:37,612|I|Thread-1|unna.20190910_183528.001|Scenario|Activity 1|#  5|web.open(url) - FAIL Error initializing browser 'firefox': org.openqa.selenium.WebDriverException: Cannot find firefox binary in PATH. Make sure firefox is installed. OS appears to be: WIN10
Build info: version: '3.141.59', revision: 'e82be7d358', time: '2018-11-14T08:17:03'
System info: host: 'ATMECSINDT-016', ip: '192.168.39.2', os.name: 'Windows 10', os.arch: 'amd64', os.version: '10.0', java.version: '12.0.1'
Driver info: driver.version: FirefoxDriver
2019-09-10 18:35:37,620|I|Thread-1|unna.20190910_183528.001|Scenario|Activity 1 - [ABORT] due to failure on fail-fast command: web.open(url)
2019-09-10 18:35:37,729|I|Thread-1|[unna.20190910_183528.001|Scenario] saving test scenario
2019-09-10 18:35:37,843|I|Thread-1|unna.20190910_183528.001 - [ABORT] fail-immediate in effect - test execution will stop now.
2019-09-10 18:35:37,853|I|Thread-1|[20190910_183527] 
/-TEST COMPLETE-----------------------------------------------------------------
| Test Output:    C:\projects\unna\output\20190910_183527\unna.20190910_183528.001.xlsx
| Iteration:      1
\-------------------------------------------------------------------------------
» Execution Time: 6933 ms
» Test Steps:     1
» Error(s):       1



2019-09-10 18:35:37,853|I|Thread-1|unna.20190910_183528.001 - [ABORT] fail-immediate in effect - test execution will stop now.
2019-09-10 18:35:39,829|I|Thread-1|[20190910_183527] 
/-TEST COMPLETE-----------------------------------------------------------------
| Test Script:    C:\projects\unna\artifact\script\unna.xlsx
\-------------------------------------------------------------------------------
» Execution Time: 12312 ms
» Iterations:     [1] total 1
» Test Steps:     1
» Passed:         0
» Error(s):       1
» Iteration 1 of 1: C:\projects\unna\output\20190910_183527\unna.20190910_183528.001.xlsx



2019-09-10 18:35:40,466|I|main|[20190910_183527] [C:\projects\unna\artifact\script\unna.xlsx] now completed
2019-09-10 18:35:40,471|I|main|[20190910_183527] all execution thread(s) have terminated
2019-09-10 18:35:40,474|I|main|[20190910_183527] test run completed in about 13 seconds
2019-09-10 18:35:40,592|I|main|No predefined nexial-setup found
2019-09-10 18:35:40,629|I|main|outputBase not set; output-to-cloud DISABLED!
2019-09-10 18:35:40,630|I|main|accessKey not set; output-to-cloud DISABLED!
2019-09-10 18:35:40,631|I|main|secretKey not set; output-to-cloud DISABLED!
2019-09-10 18:35:40,632|I|main|generating HTML output for this execution to C:\projects\unna\output\20190910_183527\execution-output.html
2019-09-10 18:35:41,304|I|main|generating JUnit XML output for this execution to C:\projects\unna\output\20190910_183527\junit.xml
2019-09-10 18:35:41,350|I|main|generated JUnit report for this execution: C:\projects\unna\output\20190910_183527\junit.xml
2019-09-10 18:35:41,367|I|main|nexial mailer not enabled: nexial.enableEmail=false
2019-09-10 18:35:41,371|I|main|skipped email notification as configured
2019-09-10 18:35:41,377|I|main|exiting Nexial...
2019-09-10 18:35:41,383|I|main|

/-END OF EXECUTION--------------------------------------------------------------
| » Execution Time: 13 sec.
| » Test Steps....: 1
| » Passed........: 0
| » Failed........: 1
| » Success Rate..: 0.00%
\----------------------------------------------------------nexial-core 2.4_0567-

2019-09-10 18:35:41,385|E|main|failure found; success rate is 0.00%
2019-09-10 18:35:41,409|I|main|End of Execution:
NEXIAL_OUTPUT:         C:\projects\unna\output\20190910_183527
NEXIAL_EXECUTION_HTML: C:\projects\unna\output\20190910_183527\execution-output.html
NEXIAL_JUNIT_XML:      C:\projects\unna\output\20190910_183527\junit.xml
NEXIAL_SUCCESS_RATE:   0.00%
NEXIAL_EXIT_STATUS:    -13
